2022-05-22 15:25:14,306 [    994]   WARN - ntellij.ui.svg.SvgCacheManager - Icon cache will be recreated or previous version of data reused, (db=/home/jka/.cache/Google/AndroidStudio2021.2/icons-v3.db) 
2022-05-22 15:25:16,727 [   3415]   WARN - #com.intellij.ui.jcef.JBCefApp - JCEF runtime library is not a JBR module (Use JBR bundled with the IDE) 
2022-05-22 15:25:18,312 [   5000]   WARN -            #com.android.ddmlib - * daemon not running; starting now at tcp:5037 
2022-05-22 15:25:18,478 [   5166]   WARN -            #com.android.ddmlib - * daemon started successfully 
2022-05-22 15:25:22,862 [   9550]   WARN - nSystem.impl.ActionToolbarImpl - 'AndroidBuildVariantViewNotifications' toolbar by default uses any focused component to update its actions. Toolbar actions that need local UI context would be incorrectly disabled. Please call toolbar.setTargetComponent() explicitly. 
java.lang.Throwable: toolbar creation trace
	at com.intellij.openapi.actionSystem.impl.ActionToolbarImpl.<init>(ActionToolbarImpl.java:114)
	at com.intellij.openapi.actionSystem.impl.ActionManagerImpl.createActionToolbar(ActionManagerImpl.java:440)
	at com.intellij.openapi.actionSystem.impl.ActionManagerImpl.createActionToolbar(ActionManagerImpl.java:434)
	at com.android.tools.idea.gradle.variant.view.BuildVariantView$NotificationPanel.<init>(BuildVariantView.java:415)
	at com.android.tools.idea.gradle.variant.view.BuildVariantView.createUIComponents(BuildVariantView.java:154)
	at com.android.tools.idea.gradle.variant.view.BuildVariantView.$$$setupUI$$$(BuildVariantView.java)
	at com.android.tools.idea.gradle.variant.view.BuildVariantView.<init>(BuildVariantView.java:118)
	at com.android.tools.idea.gradle.variant.view.BuildVariantView.<init>(BuildVariantView.java:139)
	at java.base/jdk.internal.reflect.NativeConstructorAccessorImpl.newInstance0(Native Method)
	at java.base/jdk.internal.reflect.NativeConstructorAccessorImpl.newInstance(NativeConstructorAccessorImpl.java:62)
	at java.base/jdk.internal.reflect.DelegatingConstructorAccessorImpl.newInstance(DelegatingConstructorAccessorImpl.java:45)
	at java.base/java.lang.reflect.Constructor.newInstance(Constructor.java:490)
	at com.intellij.serviceContainer.ConstructorInjectionKt.instantiateUsingPicoContainer(constructorInjection.kt:52)
	at com.intellij.serviceContainer.ComponentManagerImpl.instantiateClassWithConstructorInjection(ComponentManagerImpl.kt:877)
	at com.intellij.serviceContainer.ServiceComponentAdapter.createAndInitialize(ServiceComponentAdapter.kt:48)
	at com.intellij.serviceContainer.ServiceComponentAdapter.doCreateInstance(ServiceComponentAdapter.kt:36)
	at com.intellij.serviceContainer.BaseComponentAdapter.getInstanceUncached(BaseComponentAdapter.kt:113)
	at com.intellij.serviceContainer.BaseComponentAdapter.getInstance(BaseComponentAdapter.kt:67)
	at com.intellij.serviceContainer.BaseComponentAdapter.getInstance$default(BaseComponentAdapter.kt:60)
	at com.intellij.serviceContainer.ComponentManagerImpl.doGetService(ComponentManagerImpl.kt:590)
	at com.intellij.serviceContainer.ComponentManagerImpl.getService(ComponentManagerImpl.kt:573)
	at com.intellij.openapi.client.ClientAwareComponentManager.getFromSelfOrCurrentSession(ClientAwareComponentManager.kt:37)
	at com.intellij.openapi.client.ClientAwareComponentManager.getService(ClientAwareComponentManager.kt:22)
	at com.android.tools.idea.gradle.variant.view.BuildVariantView.getInstance(BuildVariantView.java:135)
	at com.android.tools.idea.gradle.variant.view.BuildVariantToolWindowFactory.createToolWindowContent(BuildVariantToolWindowFactory.java:32)
	at com.intellij.openapi.wm.impl.ToolWindowImpl.createContentIfNeeded$intellij_platform_ide_impl(ToolWindowImpl.kt:524)
	at com.intellij.openapi.wm.impl.ToolWindowImpl.scheduleContentInitializationIfNeeded$intellij_platform_ide_impl(ToolWindowImpl.kt:503)
	at com.intellij.openapi.wm.impl.ToolWindowManagerImpl.doShowWindow(ToolWindowManagerImpl.kt:1016)
	at com.intellij.openapi.wm.impl.ToolWindowManagerImpl.showToolWindowImpl(ToolWindowManagerImpl.kt:962)
	at com.intellij.openapi.wm.impl.ToolWindowManagerImpl.showToolWindowImpl$default(ToolWindowManagerImpl.kt:951)
	at com.intellij.openapi.wm.impl.ToolWindowManagerImpl.doRegisterToolWindow(ToolWindowManagerImpl.kt:1093)
	at com.intellij.openapi.wm.impl.ToolWindowManagerImpl.initToolWindows(ToolWindowManagerImpl.kt:516)
	at com.intellij.openapi.wm.impl.ToolWindowManagerImpl.access$initToolWindows(ToolWindowManagerImpl.kt:88)
	at com.intellij.openapi.wm.impl.ToolWindowManagerImpl$beforeProjectOpenedTask$1.run(ToolWindowManagerImpl.kt:432)
	at com.intellij.openapi.application.TransactionGuardImpl.runWithWritingAllowed(TransactionGuardImpl.java:214)
	at com.intellij.openapi.application.TransactionGuardImpl.access$200(TransactionGuardImpl.java:21)
	at com.intellij.openapi.application.TransactionGuardImpl$2.run(TransactionGuardImpl.java:196)
	at com.intellij.openapi.application.impl.ApplicationImpl.runIntendedWriteActionOnCurrentThread(ApplicationImpl.java:794)
	at com.intellij.openapi.application.impl.ApplicationImpl.lambda$invokeLater$4(ApplicationImpl.java:350)
	at com.intellij.openapi.application.impl.FlushQueue.doRun(FlushQueue.java:84)
	at com.intellij.openapi.application.impl.FlushQueue.runNextEvent(FlushQueue.java:133)
	at com.intellij.openapi.application.impl.FlushQueue.flushNow(FlushQueue.java:46)
	at com.intellij.openapi.application.impl.FlushQueue$FlushNow.run(FlushQueue.java:189)
	at java.desktop/java.awt.event.InvocationEvent.dispatch(InvocationEvent.java:313)
	at java.desktop/java.awt.EventQueue.dispatchEventImpl(EventQueue.java:776)
	at java.desktop/java.awt.EventQueue$4.run(EventQueue.java:727)
	at java.desktop/java.awt.EventQueue$4.run(EventQueue.java:721)
	at java.base/java.security.AccessController.doPrivileged(Native Method)
	at java.base/java.security.ProtectionDomain$JavaSecurityAccessImpl.doIntersectionPrivilege(ProtectionDomain.java:85)
	at java.desktop/java.awt.EventQueue.dispatchEvent(EventQueue.java:746)
	at com.intellij.ide.IdeEventQueue.defaultDispatchEvent(IdeEventQueue.java:885)
	at com.intellij.ide.IdeEventQueue._dispatchEvent(IdeEventQueue.java:754)
	at com.intellij.ide.IdeEventQueue.lambda$dispatchEvent$6(IdeEventQueue.java:441)
	at com.intellij.openapi.progress.impl.CoreProgressManager.computePrioritized(CoreProgressManager.java:825)
	at com.intellij.ide.IdeEventQueue.lambda$dispatchEvent$7(IdeEventQueue.java:440)
	at com.intellij.openapi.application.impl.ApplicationImpl.runIntendedWriteActionOnCurrentThread(ApplicationImpl.java:794)
	at com.intellij.ide.IdeEventQueue.dispatchEvent(IdeEventQueue.java:486)
	at java.desktop/java.awt.EventDispatchThread.pumpOneEventForFilters(EventDispatchThread.java:203)
	at java.desktop/java.awt.EventDispatchThread.pumpEventsForFilter(EventDispatchThread.java:124)
	at java.desktop/java.awt.EventDispatchThread.pumpEventsForHierarchy(EventDispatchThread.java:113)
	at java.desktop/java.awt.EventDispatchThread.pumpEvents(EventDispatchThread.java:109)
	at java.desktop/java.awt.EventDispatchThread.pumpEvents(EventDispatchThread.java:101)
	at java.desktop/java.awt.EventDispatchThread.run(EventDispatchThread.java:90)
2022-05-22 15:25:24,083 [  10771]   WARN - ctionSystem.impl.ActionUpdater - 1090 ms to expand group child null 
2022-05-22 15:25:31,559 [  18247]   WARN - tartup.impl.StartupManagerImpl - Activities registered via registerPostStartupActivity must be dumb-aware: com.android.tools.idea.nav.safeargs.project.ProjectNavigationResourceModificationTracker$1@3a353f4e 
2022-05-22 15:25:55,575 [  42263]   WARN -            #com.android.ddmlib - Failed to start monitoring JQE6R18402000126 
2022-05-22 15:37:00,511 [ 707199]   WARN - ctionSystem.impl.ActionUpdater - Slow (151 ms) `com.android.tools.idea.run.ui.CodeSwapAction#update`. Consider speeding it up and/or implementing UpdateInBackground. 
