egrep: warning: egrep is obsolescent; using grep -E
egrep: warning: egrep is obsolescent; using grep -E
egrep: warning: egrep is obsolescent; using grep -E
2023-01-02 13:15:18,161 [    557]   WARN - ntellij.ui.svg.SvgCacheManager - Icon cache will be recreated or previous version of data reused, (db=/home/jka/.cache/Google/AndroidStudio2021.2/icons-v3.db) 
2023-01-02 13:15:19,918 [   2314]   WARN - #com.intellij.ui.jcef.JBCefApp - JCEF runtime library is not a JBR module (Use JBR bundled with the IDE) 
2023-01-02 13:15:21,003 [   3399]   WARN -            #com.android.ddmlib - * daemon not running; starting now at tcp:5037 
2023-01-02 13:15:21,449 [   3845]   WARN -            #com.android.ddmlib - * daemon started successfully 
2023-01-02 13:15:22,595 [   4991]   WARN - nSystem.impl.ActionToolbarImpl - 'AndroidBuildVariantViewNotifications' toolbar by default uses any focused component to update its actions. Toolbar actions that need local UI context would be incorrectly disabled. Please call toolbar.setTargetComponent() explicitly. 
java.lang.Throwable: toolbar creation trace
	at com.intellij.openapi.actionSystem.impl.ActionToolbarImpl.<init>(ActionToolbarImpl.java:114)
	at com.intellij.openapi.actionSystem.impl.ActionManagerImpl.createActionToolbar(ActionManagerImpl.java:440)
	at com.intellij.openapi.actionSystem.impl.ActionManagerImpl.createActionToolbar(ActionManagerImpl.java:434)
	at com.android.tools.idea.gradle.variant.view.BuildVariantView$NotificationPanel.<init>(BuildVariantView.java:415)
	at com.android.tools.idea.gradle.variant.view.BuildVariantView.createUIComponents(BuildVariantView.java:154)
	at com.android.tools.idea.gradle.variant.view.BuildVariantView.$$$setupUI$$$(BuildVariantView.java)
	at com.android.tools.idea.gradle.variant.view.BuildVariantView.<init>(BuildVariantView.java:118)
	at com.android.tools.idea.gradle.variant.view.BuildVariantView.<init>(BuildVariantView.java:139)
	at java.base/jdk.internal.reflect.NativeConstructorAccessorImpl.newInstance0(Native Method)
	at java.base/jdk.internal.reflect.NativeConstructorAccessorImpl.newInstance(NativeConstructorAccessorImpl.java:62)
	at java.base/jdk.internal.reflect.DelegatingConstructorAccessorImpl.newInstance(DelegatingConstructorAccessorImpl.java:45)
	at java.base/java.lang.reflect.Constructor.newInstance(Constructor.java:490)
	at com.intellij.serviceContainer.ConstructorInjectionKt.instantiateUsingPicoContainer(constructorInjection.kt:52)
	at com.intellij.serviceContainer.ComponentManagerImpl.instantiateClassWithConstructorInjection(ComponentManagerImpl.kt:877)
	at com.intellij.serviceContainer.ServiceComponentAdapter.createAndInitialize(ServiceComponentAdapter.kt:48)
	at com.intellij.serviceContainer.ServiceComponentAdapter.doCreateInstance(ServiceComponentAdapter.kt:36)
	at com.intellij.serviceContainer.BaseComponentAdapter.getInstanceUncached(BaseComponentAdapter.kt:113)
	at com.intellij.serviceContainer.BaseComponentAdapter.getInstance(BaseComponentAdapter.kt:67)
	at com.intellij.serviceContainer.BaseComponentAdapter.getInstance$default(BaseComponentAdapter.kt:60)
	at com.intellij.serviceContainer.ComponentManagerImpl.doGetService(ComponentManagerImpl.kt:590)
	at com.intellij.serviceContainer.ComponentManagerImpl.getService(ComponentManagerImpl.kt:573)
	at com.intellij.openapi.client.ClientAwareComponentManager.getFromSelfOrCurrentSession(ClientAwareComponentManager.kt:37)
	at com.intellij.openapi.client.ClientAwareComponentManager.getService(ClientAwareComponentManager.kt:22)
	at com.android.tools.idea.gradle.variant.view.BuildVariantView.getInstance(BuildVariantView.java:135)
	at com.android.tools.idea.gradle.variant.view.BuildVariantToolWindowFactory.createToolWindowContent(BuildVariantToolWindowFactory.java:32)
	at com.intellij.openapi.wm.impl.ToolWindowImpl.createContentIfNeeded$intellij_platform_ide_impl(ToolWindowImpl.kt:524)
	at com.intellij.openapi.wm.impl.ToolWindowImpl.scheduleContentInitializationIfNeeded$intellij_platform_ide_impl(ToolWindowImpl.kt:503)
	at com.intellij.openapi.wm.impl.ToolWindowManagerImpl.doShowWindow(ToolWindowManagerImpl.kt:1016)
	at com.intellij.openapi.wm.impl.ToolWindowManagerImpl.showToolWindowImpl(ToolWindowManagerImpl.kt:962)
	at com.intellij.openapi.wm.impl.ToolWindowManagerImpl.showToolWindowImpl$default(ToolWindowManagerImpl.kt:951)
	at com.intellij.openapi.wm.impl.ToolWindowManagerImpl.doRegisterToolWindow(ToolWindowManagerImpl.kt:1093)
	at com.intellij.openapi.wm.impl.ToolWindowManagerImpl.initToolWindows(ToolWindowManagerImpl.kt:516)
	at com.intellij.openapi.wm.impl.ToolWindowManagerImpl.access$initToolWindows(ToolWindowManagerImpl.kt:88)
	at com.intellij.openapi.wm.impl.ToolWindowManagerImpl$beforeProjectOpenedTask$1.run(ToolWindowManagerImpl.kt:432)
	at com.intellij.openapi.application.TransactionGuardImpl.runWithWritingAllowed(TransactionGuardImpl.java:214)
	at com.intellij.openapi.application.TransactionGuardImpl.access$200(TransactionGuardImpl.java:21)
	at com.intellij.openapi.application.TransactionGuardImpl$2.run(TransactionGuardImpl.java:196)
	at com.intellij.openapi.application.impl.ApplicationImpl.runIntendedWriteActionOnCurrentThread(ApplicationImpl.java:794)
	at com.intellij.openapi.application.impl.ApplicationImpl.lambda$invokeLater$4(ApplicationImpl.java:350)
	at com.intellij.openapi.application.impl.FlushQueue.doRun(FlushQueue.java:84)
	at com.intellij.openapi.application.impl.FlushQueue.runNextEvent(FlushQueue.java:133)
	at com.intellij.openapi.application.impl.FlushQueue.flushNow(FlushQueue.java:46)
	at com.intellij.openapi.application.impl.FlushQueue$FlushNow.run(FlushQueue.java:189)
	at java.desktop/java.awt.event.InvocationEvent.dispatch(InvocationEvent.java:313)
	at java.desktop/java.awt.EventQueue.dispatchEventImpl(EventQueue.java:776)
	at java.desktop/java.awt.EventQueue$4.run(EventQueue.java:727)
	at java.desktop/java.awt.EventQueue$4.run(EventQueue.java:721)
	at java.base/java.security.AccessController.doPrivileged(Native Method)
	at java.base/java.security.ProtectionDomain$JavaSecurityAccessImpl.doIntersectionPrivilege(ProtectionDomain.java:85)
	at java.desktop/java.awt.EventQueue.dispatchEvent(EventQueue.java:746)
	at com.intellij.ide.IdeEventQueue.defaultDispatchEvent(IdeEventQueue.java:885)
	at com.intellij.ide.IdeEventQueue._dispatchEvent(IdeEventQueue.java:754)
	at com.intellij.ide.IdeEventQueue.lambda$dispatchEvent$6(IdeEventQueue.java:441)
	at com.intellij.openapi.progress.impl.CoreProgressManager.computePrioritized(CoreProgressManager.java:825)
	at com.intellij.ide.IdeEventQueue.lambda$dispatchEvent$7(IdeEventQueue.java:440)
	at com.intellij.openapi.application.impl.ApplicationImpl.runIntendedWriteActionOnCurrentThread(ApplicationImpl.java:794)
	at com.intellij.ide.IdeEventQueue.dispatchEvent(IdeEventQueue.java:486)
	at java.desktop/java.awt.EventDispatchThread.pumpOneEventForFilters(EventDispatchThread.java:203)
	at java.desktop/java.awt.EventDispatchThread.pumpEventsForFilter(EventDispatchThread.java:124)
	at java.desktop/java.awt.EventDispatchThread.pumpEventsForHierarchy(EventDispatchThread.java:113)
	at java.desktop/java.awt.EventDispatchThread.pumpEvents(EventDispatchThread.java:109)
	at java.desktop/java.awt.EventDispatchThread.pumpEvents(EventDispatchThread.java:101)
	at java.desktop/java.awt.EventDispatchThread.run(EventDispatchThread.java:90)
2023-01-02 13:15:58,563 [  40959]   WARN - tor: 8  Fold-out API 33 Second - Failed to process .ini file /home/jka/.android/avd/8_Fold-out_API_33_Second.avd/quickbootChoice.ini for reading. 
2023-01-02 13:15:58,724 [  41120]   WARN - tor: 8  Fold-out API 33 Second - cannot add library /n/ojka/Android/Sdk/emulator/qemu/linux-x86_64/lib64/vulkan/libvulkan.so: failed 
2023-01-02 13:15:59,528 [  41924]   WARN - tor: 8  Fold-out API 33 Second - *** Basic token auth will be deprecated soon, please migrate to using -grpc-use-jwt *** 
2023-01-02 13:16:08,352 [  50748]   WARN - ger.EmulatorConnectionListener - Emulator not ready yet, dev.bootcomplete = null 
2023-01-02 13:16:09,390 [  51786]   WARN - ger.EmulatorConnectionListener - Emulator not ready yet, dev.bootcomplete = null 
2023-01-02 13:16:10,428 [  52824]   WARN - ger.EmulatorConnectionListener - Emulator not ready yet, dev.bootcomplete = null 
2023-01-02 13:16:11,465 [  53861]   WARN - ger.EmulatorConnectionListener - Emulator not ready yet, dev.bootcomplete = null 
2023-01-02 13:16:12,514 [  54910]   WARN - ger.EmulatorConnectionListener - Emulator not ready yet, dev.bootcomplete = null 
2023-01-02 13:16:12,999 [  55395]   WARN -            #com.android.ddmlib - Unexpected cmdline file for PID 822 
2023-01-02 13:16:13,648 [  56044]   WARN - ger.EmulatorConnectionListener - Emulator not ready yet, dev.bootcomplete = null 
2023-01-02 13:16:14,003 [  56399]   WARN -            #com.android.ddmlib - Unexpected cmdline file for PID 915 
2023-01-02 13:16:14,013 [  56409]   WARN -            #com.android.ddmlib - Unexpected cmdline file for PID 897 
2023-01-02 13:16:14,015 [  56411]   WARN -            #com.android.ddmlib - Unexpected cmdline file for PID 897 
2023-01-02 13:16:14,691 [  57087]   WARN - ger.EmulatorConnectionListener - Emulator not ready yet, dev.bootcomplete = null 
2023-01-02 13:16:15,733 [  58129]   WARN - ger.EmulatorConnectionListener - Emulator not ready yet, dev.bootcomplete = null 
2023-01-02 13:16:17,331 [  59727]   WARN -            #com.android.ddmlib - Unexpected cmdline file for PID 1826 
2023-01-02 13:16:44,870 [  87266]   WARN -            #com.android.ddmlib - Unexpected cmdline file for PID 4733 
2023-01-02 13:17:02,524 [ 104920]  ERROR - ellij.util.concurrency.Invoker - null 
java.lang.AssertionError
	at com.android.tools.idea.navigator.nodes.android.AndroidJniFolderNode.getNativeSourceFolders(AndroidJniFolderNode.java:120)
	at com.android.tools.idea.navigator.nodes.android.AndroidJniFolderNode.getFolders(AndroidJniFolderNode.java:81)
	at com.android.tools.idea.navigator.nodes.GroupNodes.canRepresent(GroupNodes.kt:45)
	at com.android.tools.idea.navigator.nodes.android.AndroidJniFolderNode.canRepresent(AndroidJniFolderNode.java:126)
	at com.intellij.ui.tree.AbstractTreeNodeVisitor.lambda$matches$0(AbstractTreeNodeVisitor.java:98)
	at com.intellij.util.SlowOperations.allowSlowOperations(SlowOperations.java:146)
	at com.intellij.ui.tree.AbstractTreeNodeVisitor.matches(AbstractTreeNodeVisitor.java:98)
	at com.intellij.ui.tree.AbstractTreeNodeVisitor.visit(AbstractTreeNodeVisitor.java:80)
	at com.intellij.ui.tree.AbstractTreeNodeVisitor.visit(AbstractTreeNodeVisitor.java:54)
	at com.intellij.ui.tree.AbstractTreeWalker.processNextPath(AbstractTreeWalker.java:162)
	at com.intellij.ui.tree.AbstractTreeWalker.start(AbstractTreeWalker.java:109)
	at com.intellij.ui.tree.AbstractTreeWalker.start(AbstractTreeWalker.java:92)
	at com.intellij.ui.tree.AsyncTreeModel.lambda$accept$9(AsyncTreeModel.java:249)
	at com.intellij.util.concurrency.Invoker$Wrapper.get(Invoker.java:338)
	at com.intellij.util.concurrency.Invoker$Wrapper.get(Invoker.java:329)
	at com.intellij.util.concurrency.Invoker$Task.run(Invoker.java:316)
	at com.intellij.openapi.progress.impl.CoreProgressManager.lambda$runProcess$2(CoreProgressManager.java:183)
	at com.intellij.openapi.progress.impl.CoreProgressManager.registerIndicatorAndRun(CoreProgressManager.java:705)
	at com.intellij.openapi.progress.impl.CoreProgressManager.executeProcessUnderProgress(CoreProgressManager.java:647)
	at com.intellij.openapi.progress.impl.ProgressManagerImpl.executeProcessUnderProgress(ProgressManagerImpl.java:63)
	at com.intellij.openapi.progress.impl.CoreProgressManager.runProcess(CoreProgressManager.java:170)
	at com.intellij.util.concurrency.Invoker.invokeSafely(Invoker.java:203)
	at com.intellij.util.concurrency.Invoker.lambda$offerSafely$0(Invoker.java:183)
	at com.intellij.openapi.application.TransactionGuardImpl$2.run(TransactionGuardImpl.java:199)
	at com.intellij.openapi.application.impl.ApplicationImpl.runIntendedWriteActionOnCurrentThread(ApplicationImpl.java:794)
	at com.intellij.openapi.application.impl.ApplicationImpl.lambda$invokeLater$4(ApplicationImpl.java:350)
	at com.intellij.openapi.application.impl.FlushQueue.doRun(FlushQueue.java:84)
	at com.intellij.openapi.application.impl.FlushQueue.runNextEvent(FlushQueue.java:133)
	at com.intellij.openapi.application.impl.FlushQueue.flushNow(FlushQueue.java:46)
	at com.intellij.openapi.application.impl.FlushQueue$FlushNow.run(FlushQueue.java:189)
	at java.desktop/java.awt.event.InvocationEvent.dispatch(InvocationEvent.java:313)
	at java.desktop/java.awt.EventQueue.dispatchEventImpl(EventQueue.java:776)
	at java.desktop/java.awt.EventQueue$4.run(EventQueue.java:727)
	at java.desktop/java.awt.EventQueue$4.run(EventQueue.java:721)
	at java.base/java.security.AccessController.doPrivileged(Native Method)
	at java.base/java.security.ProtectionDomain$JavaSecurityAccessImpl.doIntersectionPrivilege(ProtectionDomain.java:85)
	at java.desktop/java.awt.EventQueue.dispatchEvent(EventQueue.java:746)
	at com.intellij.ide.IdeEventQueue.defaultDispatchEvent(IdeEventQueue.java:885)
	at com.intellij.ide.IdeEventQueue._dispatchEvent(IdeEventQueue.java:754)
	at com.intellij.ide.IdeEventQueue.lambda$dispatchEvent$6(IdeEventQueue.java:441)
	at com.intellij.openapi.progress.impl.CoreProgressManager.computePrioritized(CoreProgressManager.java:825)
	at com.intellij.ide.IdeEventQueue.lambda$dispatchEvent$7(IdeEventQueue.java:440)
	at com.intellij.openapi.application.impl.ApplicationImpl.runIntendedWriteActionOnCurrentThread(ApplicationImpl.java:794)
	at com.intellij.ide.IdeEventQueue.dispatchEvent(IdeEventQueue.java:486)
	at java.desktop/java.awt.EventDispatchThread.pumpOneEventForFilters(EventDispatchThread.java:203)
	at java.desktop/java.awt.EventDispatchThread.pumpEventsForFilter(EventDispatchThread.java:124)
	at java.desktop/java.awt.EventDispatchThread.pumpEventsForHierarchy(EventDispatchThread.java:113)
	at java.desktop/java.awt.EventDispatchThread.pumpEvents(EventDispatchThread.java:109)
	at java.desktop/java.awt.EventDispatchThread.pumpEvents(EventDispatchThread.java:101)
	at java.desktop/java.awt.EventDispatchThread.run(EventDispatchThread.java:90)
2023-01-02 13:17:02,525 [ 104921]  ERROR - ellij.util.concurrency.Invoker - Android Studio Chipmunk | 2021.2.1 Patch 2  Build #AI-212.5712.43.2112.8815526 
2023-01-02 13:17:02,525 [ 104921]  ERROR - ellij.util.concurrency.Invoker - JDK: 11.0.12; VM: OpenJDK 64-Bit Server VM; Vendor: JetBrains s.r.o. 
2023-01-02 13:17:02,525 [ 104921]  ERROR - ellij.util.concurrency.Invoker - OS: Linux 
2023-01-02 13:17:12,539 [ 114935]  ERROR - ellij.util.concurrency.Invoker - Exception 'java.lang.AssertionError' was reported 10 times 
2023-01-02 13:17:15,028 [ 117424]  ERROR - rains.concurrency.AsyncPromise - Exception 'java.lang.AssertionError' was reported 20 times 
2023-01-02 13:17:34,674 [ 137070]   WARN - ome.idea.vim.group.SearchGroup - No range is found 
2023-01-02 13:17:35,613 [ 138009]  ERROR - rains.concurrency.AsyncPromise - Exception 'java.lang.AssertionError' was reported 30 times 
2023-01-02 13:17:43,993 [ 146389]   WARN - itors.literals.LiteralsManager - Only Kotlin is supported for LiveLiterals 
2023-01-02 13:17:43,994 [ 146390]   WARN - itors.literals.LiteralsManager - Only Kotlin is supported for LiveLiterals 
2023-01-02 13:17:43,993 [ 146389]   WARN - itors.literals.LiteralsManager - Only Kotlin is supported for LiveLiterals 
2023-01-02 13:17:43,993 [ 146389]   WARN - itors.literals.LiteralsManager - Only Kotlin is supported for LiveLiterals 
2023-01-02 13:17:44,187 [ 146583]  ERROR - rains.concurrency.AsyncPromise - Please change caller according to com.intellij.openapi.project.IndexNotReadyException documentation 
com.intellij.openapi.project.IndexNotReadyException: Please change caller according to com.intellij.openapi.project.IndexNotReadyException documentation
	at com.intellij.openapi.project.IndexNotReadyException.create(IndexNotReadyException.java:67)
	at com.intellij.util.indexing.FileBasedIndexImpl.handleDumbMode(FileBasedIndexImpl.java:821)
	at com.intellij.util.indexing.FileBasedIndexImpl.ensureUpToDate(FileBasedIndexImpl.java:773)
	at com.intellij.util.indexing.FileBasedIndexEx.processExceptions(FileBasedIndexEx.java:244)
	at com.intellij.util.indexing.FileBasedIndexEx.processValueIterator(FileBasedIndexEx.java:349)
	at com.intellij.util.indexing.FileBasedIndexEx.processValuesInScope(FileBasedIndexEx.java:318)
	at com.intellij.util.indexing.FileBasedIndexEx.getContainingFiles(FileBasedIndexEx.java:200)
	at org.jetbrains.kotlin.idea.caches.project.KotlinStdlibCacheImpl$libraryScopeContainsIndexedFilesForNames$1.invoke(KotlinStdlibCache.kt:81)
	at org.jetbrains.kotlin.idea.caches.project.KotlinStdlibCacheImpl$libraryScopeContainsIndexedFilesForNames$1.invoke(KotlinStdlibCache.kt:79)
	at org.jetbrains.kotlin.idea.util.application.ApplicationUtilsKt.runReadAction$lambda-0(ApplicationUtils.kt:14)
	at com.intellij.openapi.application.impl.ApplicationImpl.runReadAction(ApplicationImpl.java:841)
	at org.jetbrains.kotlin.idea.util.application.ApplicationUtilsKt.runReadAction(ApplicationUtils.kt:14)
	at org.jetbrains.kotlin.idea.caches.project.KotlinStdlibCacheImpl.libraryScopeContainsIndexedFilesForNames(KotlinStdlibCache.kt:79)
	at org.jetbrains.kotlin.idea.caches.project.KotlinStdlibCacheImpl.libraryScopeContainsIndexedFilesForName(KotlinStdlibCache.kt:90)
	at org.jetbrains.kotlin.idea.caches.project.KotlinStdlibCacheImpl.isStdlib(KotlinStdlibCache.kt:94)
	at org.jetbrains.kotlin.idea.caches.project.KotlinStdlibCacheKt.isKotlinStdlib(KotlinStdlibCache.kt:140)
	at org.jetbrains.kotlin.idea.caches.project.KotlinStdlibCacheKt.isCoreKotlinLibrary(KotlinStdlibCache.kt:137)
	at org.jetbrains.kotlin.idea.caches.resolve.util.DependencyBuiltinsModuleFilters.sdkFacadeFilter(ideBuiltInsUtils.kt:26)
	at org.jetbrains.kotlin.idea.caches.resolve.util.GlobalFacadeModuleFilters.sdkFacadeFilter(ideBuiltInsUtils.kt:40)
	at org.jetbrains.kotlin.idea.caches.resolve.KotlinCacheServiceImpl$GlobalFacade$facadeForSdk$1.invoke(KotlinCacheServiceImpl.kt:227)
	at org.jetbrains.kotlin.idea.caches.resolve.KotlinCacheServiceImpl$GlobalFacade$facadeForSdk$1.invoke(KotlinCacheServiceImpl.kt:227)
	at org.jetbrains.kotlin.idea.caches.resolve.ProjectResolutionFacade.computeModuleResolverProvider(ProjectResolutionFacade.kt:226)
	at org.jetbrains.kotlin.idea.caches.resolve.ProjectResolutionFacade.cachedValue$lambda-0(ProjectResolutionFacade.kt:45)
	at com.intellij.psi.impl.PsiCachedValueImpl.doCompute(PsiCachedValueImpl.java:39)
	at com.intellij.util.CachedValueBase.lambda$getValueWithLock$3(CachedValueBase.java:227)
	at com.intellij.util.CachedValueBase.computeData(CachedValueBase.java:42)
	at com.intellij.util.CachedValueBase.lambda$getValueWithLock$4(CachedValueBase.java:227)
	at com.intellij.openapi.util.RecursionManager$1.computePreventingRecursion(RecursionManager.java:114)
	at com.intellij.openapi.util.RecursionGuard.doPreventingRecursion(RecursionGuard.java:43)
	at com.intellij.openapi.util.RecursionManager.doPreventingRecursion(RecursionManager.java:68)
	at com.intellij.util.CachedValueBase.getValueWithLock(CachedValueBase.java:228)
	at com.intellij.psi.impl.PsiCachedValueImpl.getValue(PsiCachedValueImpl.java:28)
	at org.jetbrains.kotlin.idea.caches.resolve.ProjectResolutionFacade$cachedResolverForProject$1.invoke(ProjectResolutionFacade.kt:52)
	at org.jetbrains.kotlin.idea.caches.resolve.ProjectResolutionFacade$cachedResolverForProject$1.invoke(ProjectResolutionFacade.kt:52)
	at org.jetbrains.kotlin.storage.LockBasedStorageManager.compute(LockBasedStorageManager.java:290)
	at org.jetbrains.kotlin.idea.caches.resolve.ProjectResolutionFacade.getCachedResolverForProject(ProjectResolutionFacade.kt:52)
	at org.jetbrains.kotlin.idea.caches.resolve.ProjectResolutionFacade.computeModuleResolverProvider(ProjectResolutionFacade.kt:111)
	at org.jetbrains.kotlin.idea.caches.resolve.ProjectResolutionFacade.cachedValue$lambda-0(ProjectResolutionFacade.kt:45)
	at com.intellij.psi.impl.PsiCachedValueImpl.doCompute(PsiCachedValueImpl.java:39)
	at com.intellij.util.CachedValueBase.lambda$getValueWithLock$3(CachedValueBase.java:227)
	at com.intellij.util.CachedValueBase.computeData(CachedValueBase.java:42)
	at com.intellij.util.CachedValueBase.lambda$getValueWithLock$4(CachedValueBase.java:227)
	at com.intellij.openapi.util.RecursionManager$1.computePreventingRecursion(RecursionManager.java:114)
	at com.intellij.openapi.util.RecursionGuard.doPreventingRecursion(RecursionGuard.java:43)
	at com.intellij.openapi.util.RecursionManager.doPreventingRecursion(RecursionManager.java:68)
	at com.intellij.util.CachedValueBase.getValueWithLock(CachedValueBase.java:228)
	at com.intellij.psi.impl.PsiCachedValueImpl.getValue(PsiCachedValueImpl.java:28)
	at org.jetbrains.kotlin.idea.caches.resolve.ProjectResolutionFacade$cachedResolverForProject$1.invoke(ProjectResolutionFacade.kt:52)
	at org.jetbrains.kotlin.idea.caches.resolve.ProjectResolutionFacade$cachedResolverForProject$1.invoke(ProjectResolutionFacade.kt:52)
	at org.jetbrains.kotlin.storage.LockBasedStorageManager.compute(LockBasedStorageManager.java:290)
	at org.jetbrains.kotlin.idea.caches.resolve.ProjectResolutionFacade.getCachedResolverForProject(ProjectResolutionFacade.kt:52)
	at org.jetbrains.kotlin.idea.caches.resolve.ProjectResolutionFacade.computeModuleResolverProvider(ProjectResolutionFacade.kt:111)
	at org.jetbrains.kotlin.idea.caches.resolve.ProjectResolutionFacade.cachedValue$lambda-0(ProjectResolutionFacade.kt:45)
	at com.intellij.psi.impl.PsiCachedValueImpl.doCompute(PsiCachedValueImpl.java:39)
	at com.intellij.util.CachedValueBase.lambda$getValueWithLock$3(CachedValueBase.java:227)
	at com.intellij.util.CachedValueBase.computeData(CachedValueBase.java:42)
	at com.intellij.util.CachedValueBase.lambda$getValueWithLock$4(CachedValueBase.java:227)
	at com.intellij.openapi.util.RecursionManager$1.computePreventingRecursion(RecursionManager.java:114)
	at com.intellij.openapi.util.RecursionGuard.doPreventingRecursion(RecursionGuard.java:43)
	at com.intellij.openapi.util.RecursionManager.doPreventingRecursion(RecursionManager.java:68)
	at com.intellij.util.CachedValueBase.getValueWithLock(CachedValueBase.java:228)
	at com.intellij.psi.impl.PsiCachedValueImpl.getValue(PsiCachedValueImpl.java:28)
	at org.jetbrains.kotlin.idea.caches.resolve.ProjectResolutionFacade$cachedResolverForProject$1.invoke(ProjectResolutionFacade.kt:52)
	at org.jetbrains.kotlin.idea.caches.resolve.ProjectResolutionFacade$cachedResolverForProject$1.invoke(ProjectResolutionFacade.kt:52)
	at org.jetbrains.kotlin.storage.LockBasedStorageManager.compute(LockBasedStorageManager.java:290)
	at org.jetbrains.kotlin.idea.caches.resolve.ProjectResolutionFacade.getCachedResolverForProject(ProjectResolutionFacade.kt:52)
	at org.jetbrains.kotlin.idea.caches.resolve.ProjectResolutionFacade.resolverForElement$kotlin_core(ProjectResolutionFacade.kt:141)
	at org.jetbrains.kotlin.idea.caches.resolve.ModuleResolutionFacadeImpl.getFrontendService(ModuleResolutionFacadeImpl.kt:92)
	at org.jetbrains.kotlin.idea.caches.resolve.ModuleResolutionFacadeImpl.analyze(ModuleResolutionFacadeImpl.kt:52)
	at org.jetbrains.kotlin.idea.caches.resolve.ModuleResolutionFacadeImpl.analyze(ModuleResolutionFacadeImpl.kt:43)
	at org.jetbrains.kotlin.idea.caches.resolve.ResolutionFacadeWithDebugInfo.analyze(ResolutionFacadeWithDebugInfo.kt:43)
	at org.jetbrains.kotlin.idea.caches.resolve.ExtendedResolutionApiKt.analyze(extendedResolutionApi.kt:108)
	at org.jetbrains.kotlin.idea.caches.resolve.ResolutionUtils.analyze(resolutionApi.kt:127)
	at org.jetbrains.kotlin.idea.caches.resolve.ResolutionUtils.analyze$default(resolutionApi.kt:125)
	at com.android.tools.idea.editors.literals.KotlinConstantEvaluator.evaluate(LiteralsManager.kt:183)
	at com.android.tools.idea.editors.literals.LiteralsManager$findLiterals$2$1.visitElement(LiteralsManager.kt:429)
	at org.jetbrains.kotlin.psi.KtElementImplStub.accept(KtElementImplStub.java:52)
	at com.intellij.psi.PsiWalkingState.visit(PsiWalkingState.java:67)
	at com.intellij.psi.PsiWalkingState.visit(PsiWalkingState.java:24)
	at com.intellij.util.WalkingState.walkChildren(WalkingState.java:62)
	at com.intellij.util.WalkingState.elementStarted(WalkingState.java:49)
	at com.intellij.psi.PsiWalkingState.elementStarted(PsiWalkingState.java:76)
	at com.intellij.psi.PsiRecursiveElementWalkingVisitor.visitElement(PsiRecursiveElementWalkingVisitor.java:48)
	at com.android.tools.idea.editors.literals.LiteralsManager$findLiterals$2$1.visitElement(LiteralsManager.kt:441)
	at org.jetbrains.kotlin.psi.KtElementImplStub.accept(KtElementImplStub.java:52)
	at com.intellij.psi.impl.source.tree.SharedImplUtil.acceptChildren(SharedImplUtil.java:185)
	at com.intellij.psi.impl.source.PsiFileImpl.acceptChildren(PsiFileImpl.java:751)
	at com.android.tools.idea.editors.literals.LiteralsManager$findLiterals$2.run(LiteralsManager.kt:394)
	at com.intellij.util.RunnableCallable.call(RunnableCallable.java:20)
	at com.intellij.util.RunnableCallable.call(RunnableCallable.java:11)
	at com.intellij.openapi.application.impl.NonBlockingReadActionImpl$Submission.insideReadAction(NonBlockingReadActionImpl.java:521)
	at com.intellij.openapi.application.impl.NonBlockingReadActionImpl$Submission.lambda$attemptComputation$3(NonBlockingReadActionImpl.java:486)
	at com.intellij.openapi.application.impl.ApplicationImpl.tryRunReadAction(ApplicationImpl.java:1078)
	at com.intellij.openapi.progress.util.ProgressIndicatorUtils.lambda$runInReadActionWithWriteActionPriority$0(ProgressIndicatorUtils.java:78)
	at com.intellij.openapi.progress.util.ProgressIndicatorUtils.runActionAndCancelBeforeWrite(ProgressIndicatorUtils.java:161)
	at com.intellij.openapi.progress.util.ProgressIndicatorUtils.lambda$runWithWriteActionPriority$1(ProgressIndicatorUtils.java:118)
	at com.intellij.openapi.progress.ProgressManager.lambda$runProcess$0(ProgressManager.java:57)
	at com.intellij.openapi.progress.impl.CoreProgressManager.lambda$runProcess$2(CoreProgressManager.java:183)
	at com.intellij.openapi.progress.impl.CoreProgressManager.registerIndicatorAndRun(CoreProgressManager.java:705)
	at com.intellij.openapi.progress.impl.CoreProgressManager.executeProcessUnderProgress(CoreProgressManager.java:647)
	at com.intellij.openapi.progress.impl.ProgressManagerImpl.executeProcessUnderProgress(ProgressManagerImpl.java:63)
	at com.intellij.openapi.progress.impl.CoreProgressManager.runProcess(CoreProgressManager.java:170)
	at com.intellij.openapi.progress.ProgressManager.runProcess(ProgressManager.java:57)
	at com.intellij.openapi.progress.util.ProgressIndicatorUtils.runWithWriteActionPriority(ProgressIndicatorUtils.java:115)
	at com.intellij.openapi.progress.util.ProgressIndicatorUtils.runInReadActionWithWriteActionPriority(ProgressIndicatorUtils.java:78)
	at com.intellij.openapi.application.impl.NonBlockingReadActionImpl$Submission.attemptComputation(NonBlockingReadActionImpl.java:486)
	at com.intellij.openapi.application.impl.NonBlockingReadActionImpl$Submission.lambda$transferToBgThread$1(NonBlockingReadActionImpl.java:407)
	at com.intellij.util.concurrency.BoundedTaskExecutor.doRun(BoundedTaskExecutor.java:216)
	at com.intellij.util.concurrency.BoundedTaskExecutor.access$200(BoundedTaskExecutor.java:27)
	at com.intellij.util.concurrency.BoundedTaskExecutor$1.execute(BoundedTaskExecutor.java:195)
	at com.intellij.util.ConcurrencyUtil.runUnderThreadName(ConcurrencyUtil.java:213)
	at com.intellij.util.concurrency.BoundedTaskExecutor$1.run(BoundedTaskExecutor.java:184)
	at java.base/java.util.concurrent.ThreadPoolExecutor.runWorker(ThreadPoolExecutor.java:1128)
	at java.base/java.util.concurrent.ThreadPoolExecutor$Worker.run(ThreadPoolExecutor.java:628)
	at java.base/java.util.concurrent.Executors$PrivilegedThreadFactory$1$1.run(Executors.java:668)
	at java.base/java.util.concurrent.Executors$PrivilegedThreadFactory$1$1.run(Executors.java:665)
	at java.base/java.security.AccessController.doPrivileged(Native Method)
	at java.base/java.util.concurrent.Executors$PrivilegedThreadFactory$1.run(Executors.java:665)
	at java.base/java.lang.Thread.run(Thread.java:829)
	Suppressed: java.lang.ClassCastException: class kotlin.coroutines.jvm.internal.CompletedContinuation cannot be cast to class kotlinx.coroutines.internal.DispatchedContinuation (kotlin.coroutines.jvm.internal.CompletedContinuation and kotlinx.coroutines.internal.DispatchedContinuation are in unnamed module of loader com.intellij.ide.plugins.cl.PluginClassLoader @7e5b5358)
		at kotlinx.coroutines.CoroutineDispatcher.releaseInterceptedContinuation(CoroutineDispatcher.kt:108)
		at kotlin.coroutines.jvm.internal.ContinuationImpl.releaseIntercepted(ContinuationImpl.kt:118)
		at kotlin.coroutines.jvm.internal.BaseContinuationImpl.resumeWith(ContinuationImpl.kt:39)
		at kotlinx.coroutines.DispatchedTaskKt.resume(DispatchedTask.kt:178)
		at kotlinx.coroutines.DispatchedTaskKt.dispatch(DispatchedTask.kt:166)
		at kotlinx.coroutines.CancellableContinuationImpl.dispatchResume(CancellableContinuationImpl.kt:398)
		at kotlinx.coroutines.CancellableContinuationImpl.resumeImpl(CancellableContinuationImpl.kt:432)
		at kotlinx.coroutines.CancellableContinuationImpl.resumeImpl$default(CancellableContinuationImpl.kt:421)
		at kotlinx.coroutines.CancellableContinuationImpl.resumeWith(CancellableContinuationImpl.kt:329)
		at org.jetbrains.concurrency.Promises__PromiseUtilKt$awaitInternal$2$2.accept(promiseUtil.kt:91)
		at org.jetbrains.concurrency.Promises__PromiseUtilKt$awaitInternal$2$2.accept(promiseUtil.kt)
		at org.jetbrains.concurrency.AsyncPromise$onError$1.accept(AsyncPromise.kt:94)
		at org.jetbrains.concurrency.AsyncPromise$onError$1.accept(AsyncPromise.kt:16)
		at java.base/java.util.concurrent.CompletableFuture.uniWhenComplete(CompletableFuture.java:859)
		at java.base/java.util.concurrent.CompletableFuture$UniWhenComplete.tryFire(CompletableFuture.java:837)
		at java.base/java.util.concurrent.CompletableFuture.postComplete(CompletableFuture.java:506)
		at java.base/java.util.concurrent.CompletableFuture.completeExceptionally(CompletableFuture.java:2088)
		at org.jetbrains.concurrency.AsyncPromise.setError(AsyncPromise.kt:153)
		at com.intellij.openapi.application.impl.NonBlockingReadActionImpl$Submission.setError(NonBlockingReadActionImpl.java:285)
		at com.intellij.openapi.application.impl.NonBlockingReadActionImpl$Submission.insideReadAction(NonBlockingReadActionImpl.java:540)
		... 28 more
2023-01-02 13:17:44,191 [ 146587]  ERROR - rains.concurrency.AsyncPromise - Android Studio Chipmunk | 2021.2.1 Patch 2  Build #AI-212.5712.43.2112.8815526 
2023-01-02 13:17:44,191 [ 146587]  ERROR - rains.concurrency.AsyncPromise - JDK: 11.0.12; VM: OpenJDK 64-Bit Server VM; Vendor: JetBrains s.r.o. 
2023-01-02 13:17:44,191 [ 146587]  ERROR - rains.concurrency.AsyncPromise - OS: Linux 
2023-01-02 13:17:44,191 [ 146587]  ERROR - rains.concurrency.AsyncPromise - Plugin to blame: Kotlin version: 212-1.7.10-release-333-AS5457.46 
2023-01-02 13:17:44,191 [ 146587]  ERROR - rains.concurrency.AsyncPromise - Last Action: Run 
2023-01-02 13:17:44,217 [ 146613]  ERROR - rains.concurrency.AsyncPromise - Please change caller according to com.intellij.openapi.project.IndexNotReadyException documentation 
com.intellij.openapi.project.IndexNotReadyException: Please change caller according to com.intellij.openapi.project.IndexNotReadyException documentation
	at com.intellij.openapi.project.IndexNotReadyException.create(IndexNotReadyException.java:67)
	at com.intellij.util.indexing.FileBasedIndexImpl.handleDumbMode(FileBasedIndexImpl.java:821)
	at com.intellij.util.indexing.FileBasedIndexImpl.ensureUpToDate(FileBasedIndexImpl.java:773)
	at com.intellij.util.indexing.FileBasedIndexEx.processExceptions(FileBasedIndexEx.java:244)
	at com.intellij.util.indexing.FileBasedIndexEx.processValueIterator(FileBasedIndexEx.java:349)
	at com.intellij.util.indexing.FileBasedIndexEx.processValuesInScope(FileBasedIndexEx.java:318)
	at com.intellij.util.indexing.FileBasedIndexEx.getContainingFiles(FileBasedIndexEx.java:200)
	at org.jetbrains.kotlin.idea.caches.project.KotlinStdlibCacheImpl$libraryScopeContainsIndexedFilesForNames$1.invoke(KotlinStdlibCache.kt:81)
	at org.jetbrains.kotlin.idea.caches.project.KotlinStdlibCacheImpl$libraryScopeContainsIndexedFilesForNames$1.invoke(KotlinStdlibCache.kt:79)
	at org.jetbrains.kotlin.idea.util.application.ApplicationUtilsKt.runReadAction$lambda-0(ApplicationUtils.kt:14)
	at com.intellij.openapi.application.impl.ApplicationImpl.runReadAction(ApplicationImpl.java:841)
	at org.jetbrains.kotlin.idea.util.application.ApplicationUtilsKt.runReadAction(ApplicationUtils.kt:14)
	at org.jetbrains.kotlin.idea.caches.project.KotlinStdlibCacheImpl.libraryScopeContainsIndexedFilesForNames(KotlinStdlibCache.kt:79)
	at org.jetbrains.kotlin.idea.caches.project.KotlinStdlibCacheImpl.libraryScopeContainsIndexedFilesForName(KotlinStdlibCache.kt:90)
	at org.jetbrains.kotlin.idea.caches.project.KotlinStdlibCacheImpl.isStdlib(KotlinStdlibCache.kt:94)
	at org.jetbrains.kotlin.idea.caches.project.KotlinStdlibCacheKt.isKotlinStdlib(KotlinStdlibCache.kt:140)
	at org.jetbrains.kotlin.idea.caches.project.KotlinStdlibCacheKt.isCoreKotlinLibrary(KotlinStdlibCache.kt:137)
	at org.jetbrains.kotlin.idea.caches.resolve.util.DependencyBuiltinsModuleFilters.sdkFacadeFilter(ideBuiltInsUtils.kt:26)
	at org.jetbrains.kotlin.idea.caches.resolve.util.GlobalFacadeModuleFilters.sdkFacadeFilter(ideBuiltInsUtils.kt:40)
	at org.jetbrains.kotlin.idea.caches.resolve.KotlinCacheServiceImpl$GlobalFacade$facadeForSdk$1.invoke(KotlinCacheServiceImpl.kt:227)
	at org.jetbrains.kotlin.idea.caches.resolve.KotlinCacheServiceImpl$GlobalFacade$facadeForSdk$1.invoke(KotlinCacheServiceImpl.kt:227)
	at org.jetbrains.kotlin.idea.caches.resolve.ProjectResolutionFacade.computeModuleResolverProvider(ProjectResolutionFacade.kt:226)
	at org.jetbrains.kotlin.idea.caches.resolve.ProjectResolutionFacade.cachedValue$lambda-0(ProjectResolutionFacade.kt:45)
	at com.intellij.psi.impl.PsiCachedValueImpl.doCompute(PsiCachedValueImpl.java:39)
	at com.intellij.util.CachedValueBase.lambda$getValueWithLock$3(CachedValueBase.java:227)
	at com.intellij.util.CachedValueBase.computeData(CachedValueBase.java:42)
	at com.intellij.util.CachedValueBase.lambda$getValueWithLock$4(CachedValueBase.java:227)
	at com.intellij.openapi.util.RecursionManager$1.computePreventingRecursion(RecursionManager.java:114)
	at com.intellij.openapi.util.RecursionGuard.doPreventingRecursion(RecursionGuard.java:43)
	at com.intellij.openapi.util.RecursionManager.doPreventingRecursion(RecursionManager.java:68)
	at com.intellij.util.CachedValueBase.getValueWithLock(CachedValueBase.java:228)
	at com.intellij.psi.impl.PsiCachedValueImpl.getValue(PsiCachedValueImpl.java:28)
	at org.jetbrains.kotlin.idea.caches.resolve.ProjectResolutionFacade$cachedResolverForProject$1.invoke(ProjectResolutionFacade.kt:52)
	at org.jetbrains.kotlin.idea.caches.resolve.ProjectResolutionFacade$cachedResolverForProject$1.invoke(ProjectResolutionFacade.kt:52)
	at org.jetbrains.kotlin.storage.LockBasedStorageManager.compute(LockBasedStorageManager.java:290)
	at org.jetbrains.kotlin.idea.caches.resolve.ProjectResolutionFacade.getCachedResolverForProject(ProjectResolutionFacade.kt:52)
	at org.jetbrains.kotlin.idea.caches.resolve.ProjectResolutionFacade.computeModuleResolverProvider(ProjectResolutionFacade.kt:111)
	at org.jetbrains.kotlin.idea.caches.resolve.ProjectResolutionFacade.cachedValue$lambda-0(ProjectResolutionFacade.kt:45)
	at com.intellij.psi.impl.PsiCachedValueImpl.doCompute(PsiCachedValueImpl.java:39)
	at com.intellij.util.CachedValueBase.lambda$getValueWithLock$3(CachedValueBase.java:227)
	at com.intellij.util.CachedValueBase.computeData(CachedValueBase.java:42)
	at com.intellij.util.CachedValueBase.lambda$getValueWithLock$4(CachedValueBase.java:227)
	at com.intellij.openapi.util.RecursionManager$1.computePreventingRecursion(RecursionManager.java:114)
	at com.intellij.openapi.util.RecursionGuard.doPreventingRecursion(RecursionGuard.java:43)
	at com.intellij.openapi.util.RecursionManager.doPreventingRecursion(RecursionManager.java:68)
	at com.intellij.util.CachedValueBase.getValueWithLock(CachedValueBase.java:228)
	at com.intellij.psi.impl.PsiCachedValueImpl.getValue(PsiCachedValueImpl.java:28)
	at org.jetbrains.kotlin.idea.caches.resolve.ProjectResolutionFacade$cachedResolverForProject$1.invoke(ProjectResolutionFacade.kt:52)
	at org.jetbrains.kotlin.idea.caches.resolve.ProjectResolutionFacade$cachedResolverForProject$1.invoke(ProjectResolutionFacade.kt:52)
	at org.jetbrains.kotlin.storage.LockBasedStorageManager.compute(LockBasedStorageManager.java:290)
	at org.jetbrains.kotlin.idea.caches.resolve.ProjectResolutionFacade.getCachedResolverForProject(ProjectResolutionFacade.kt:52)
	at org.jetbrains.kotlin.idea.caches.resolve.ProjectResolutionFacade.computeModuleResolverProvider(ProjectResolutionFacade.kt:111)
	at org.jetbrains.kotlin.idea.caches.resolve.ProjectResolutionFacade.cachedValue$lambda-0(ProjectResolutionFacade.kt:45)
	at com.intellij.psi.impl.PsiCachedValueImpl.doCompute(PsiCachedValueImpl.java:39)
	at com.intellij.util.CachedValueBase.lambda$getValueWithLock$3(CachedValueBase.java:227)
	at com.intellij.util.CachedValueBase.computeData(CachedValueBase.java:42)
	at com.intellij.util.CachedValueBase.lambda$getValueWithLock$4(CachedValueBase.java:227)
	at com.intellij.openapi.util.RecursionManager$1.computePreventingRecursion(RecursionManager.java:114)
	at com.intellij.openapi.util.RecursionGuard.doPreventingRecursion(RecursionGuard.java:43)
	at com.intellij.openapi.util.RecursionManager.doPreventingRecursion(RecursionManager.java:68)
	at com.intellij.util.CachedValueBase.getValueWithLock(CachedValueBase.java:228)
	at com.intellij.psi.impl.PsiCachedValueImpl.getValue(PsiCachedValueImpl.java:28)
	at org.jetbrains.kotlin.idea.caches.resolve.ProjectResolutionFacade$cachedResolverForProject$1.invoke(ProjectResolutionFacade.kt:52)
	at org.jetbrains.kotlin.idea.caches.resolve.ProjectResolutionFacade$cachedResolverForProject$1.invoke(ProjectResolutionFacade.kt:52)
	at org.jetbrains.kotlin.storage.LockBasedStorageManager.compute(LockBasedStorageManager.java:290)
	at org.jetbrains.kotlin.idea.caches.resolve.ProjectResolutionFacade.getCachedResolverForProject(ProjectResolutionFacade.kt:52)
	at org.jetbrains.kotlin.idea.caches.resolve.ProjectResolutionFacade.resolverForElement$kotlin_core(ProjectResolutionFacade.kt:142)
	at org.jetbrains.kotlin.idea.caches.resolve.ModuleResolutionFacadeImpl.getFrontendService(ModuleResolutionFacadeImpl.kt:92)
	at org.jetbrains.kotlin.idea.caches.resolve.ModuleResolutionFacadeImpl.analyze(ModuleResolutionFacadeImpl.kt:52)
	at org.jetbrains.kotlin.idea.caches.resolve.ModuleResolutionFacadeImpl.analyze(ModuleResolutionFacadeImpl.kt:43)
	at org.jetbrains.kotlin.idea.caches.resolve.ResolutionFacadeWithDebugInfo.analyze(ResolutionFacadeWithDebugInfo.kt:43)
	at org.jetbrains.kotlin.idea.caches.resolve.ExtendedResolutionApiKt.analyze(extendedResolutionApi.kt:108)
	at org.jetbrains.kotlin.idea.caches.resolve.ResolutionUtils.analyze(resolutionApi.kt:127)
	at org.jetbrains.kotlin.idea.caches.resolve.ResolutionUtils.analyze$default(resolutionApi.kt:125)
	at com.android.tools.idea.editors.literals.KotlinConstantEvaluator.evaluate(LiteralsManager.kt:183)
	at com.android.tools.idea.editors.literals.LiteralsManager$findLiterals$2$1.visitElement(LiteralsManager.kt:429)
	at org.jetbrains.kotlin.psi.KtElementImplStub.accept(KtElementImplStub.java:52)
	at com.intellij.psi.PsiWalkingState.visit(PsiWalkingState.java:67)
	at com.intellij.psi.PsiWalkingState.visit(PsiWalkingState.java:24)
	at com.intellij.util.WalkingState.walkChildren(WalkingState.java:62)
	at com.intellij.util.WalkingState.elementStarted(WalkingState.java:49)
	at com.intellij.psi.PsiWalkingState.elementStarted(PsiWalkingState.java:76)
	at com.intellij.psi.PsiRecursiveElementWalkingVisitor.visitElement(PsiRecursiveElementWalkingVisitor.java:48)
	at com.android.tools.idea.editors.literals.LiteralsManager$findLiterals$2$1.visitElement(LiteralsManager.kt:441)
	at org.jetbrains.kotlin.psi.KtElementImplStub.accept(KtElementImplStub.java:52)
	at com.intellij.psi.impl.source.tree.SharedImplUtil.acceptChildren(SharedImplUtil.java:185)
	at com.intellij.psi.impl.source.PsiFileImpl.acceptChildren(PsiFileImpl.java:751)
	at com.android.tools.idea.editors.literals.LiteralsManager$findLiterals$2.run(LiteralsManager.kt:394)
	at com.intellij.util.RunnableCallable.call(RunnableCallable.java:20)
	at com.intellij.util.RunnableCallable.call(RunnableCallable.java:11)
	at com.intellij.openapi.application.impl.NonBlockingReadActionImpl$Submission.insideReadAction(NonBlockingReadActionImpl.java:521)
	at com.intellij.openapi.application.impl.NonBlockingReadActionImpl$Submission.lambda$attemptComputation$3(NonBlockingReadActionImpl.java:486)
	at com.intellij.openapi.application.impl.ApplicationImpl.tryRunReadAction(ApplicationImpl.java:1078)
	at com.intellij.openapi.progress.util.ProgressIndicatorUtils.lambda$runInReadActionWithWriteActionPriority$0(ProgressIndicatorUtils.java:78)
	at com.intellij.openapi.progress.util.ProgressIndicatorUtils.runActionAndCancelBeforeWrite(ProgressIndicatorUtils.java:161)
	at com.intellij.openapi.progress.util.ProgressIndicatorUtils.lambda$runWithWriteActionPriority$1(ProgressIndicatorUtils.java:118)
	at com.intellij.openapi.progress.ProgressManager.lambda$runProcess$0(ProgressManager.java:57)
	at com.intellij.openapi.progress.impl.CoreProgressManager.lambda$runProcess$2(CoreProgressManager.java:183)
	at com.intellij.openapi.progress.impl.CoreProgressManager.registerIndicatorAndRun(CoreProgressManager.java:705)
	at com.intellij.openapi.progress.impl.CoreProgressManager.executeProcessUnderProgress(CoreProgressManager.java:647)
	at com.intellij.openapi.progress.impl.ProgressManagerImpl.executeProcessUnderProgress(ProgressManagerImpl.java:63)
	at com.intellij.openapi.progress.impl.CoreProgressManager.runProcess(CoreProgressManager.java:170)
	at com.intellij.openapi.progress.ProgressManager.runProcess(ProgressManager.java:57)
	at com.intellij.openapi.progress.util.ProgressIndicatorUtils.runWithWriteActionPriority(ProgressIndicatorUtils.java:115)
	at com.intellij.openapi.progress.util.ProgressIndicatorUtils.runInReadActionWithWriteActionPriority(ProgressIndicatorUtils.java:78)
	at com.intellij.openapi.application.impl.NonBlockingReadActionImpl$Submission.attemptComputation(NonBlockingReadActionImpl.java:486)
	at com.intellij.openapi.application.impl.NonBlockingReadActionImpl$Submission.lambda$transferToBgThread$1(NonBlockingReadActionImpl.java:407)
	at com.intellij.util.concurrency.BoundedTaskExecutor.doRun(BoundedTaskExecutor.java:216)
	at com.intellij.util.concurrency.BoundedTaskExecutor.access$200(BoundedTaskExecutor.java:27)
	at com.intellij.util.concurrency.BoundedTaskExecutor$1.execute(BoundedTaskExecutor.java:195)
	at com.intellij.util.ConcurrencyUtil.runUnderThreadName(ConcurrencyUtil.java:213)
	at com.intellij.util.concurrency.BoundedTaskExecutor$1.run(BoundedTaskExecutor.java:184)
	at java.base/java.util.concurrent.ThreadPoolExecutor.runWorker(ThreadPoolExecutor.java:1128)
	at java.base/java.util.concurrent.ThreadPoolExecutor$Worker.run(ThreadPoolExecutor.java:628)
	at java.base/java.util.concurrent.Executors$PrivilegedThreadFactory$1$1.run(Executors.java:668)
	at java.base/java.util.concurrent.Executors$PrivilegedThreadFactory$1$1.run(Executors.java:665)
	at java.base/java.security.AccessController.doPrivileged(Native Method)
	at java.base/java.util.concurrent.Executors$PrivilegedThreadFactory$1.run(Executors.java:665)
	at java.base/java.lang.Thread.run(Thread.java:829)
	Suppressed: java.lang.ClassCastException: class kotlin.coroutines.jvm.internal.CompletedContinuation cannot be cast to class kotlinx.coroutines.internal.DispatchedContinuation (kotlin.coroutines.jvm.internal.CompletedContinuation and kotlinx.coroutines.internal.DispatchedContinuation are in unnamed module of loader com.intellij.ide.plugins.cl.PluginClassLoader @7e5b5358)
		at kotlinx.coroutines.CoroutineDispatcher.releaseInterceptedContinuation(CoroutineDispatcher.kt:108)
		at kotlin.coroutines.jvm.internal.ContinuationImpl.releaseIntercepted(ContinuationImpl.kt:118)
		at kotlin.coroutines.jvm.internal.BaseContinuationImpl.resumeWith(ContinuationImpl.kt:39)
		at kotlinx.coroutines.DispatchedTaskKt.resume(DispatchedTask.kt:178)
		at kotlinx.coroutines.DispatchedTaskKt.dispatch(DispatchedTask.kt:166)
		at kotlinx.coroutines.CancellableContinuationImpl.dispatchResume(CancellableContinuationImpl.kt:398)
		at kotlinx.coroutines.CancellableContinuationImpl.resumeImpl(CancellableContinuationImpl.kt:432)
		at kotlinx.coroutines.CancellableContinuationImpl.resumeImpl$default(CancellableContinuationImpl.kt:421)
		at kotlinx.coroutines.CancellableContinuationImpl.resumeWith(CancellableContinuationImpl.kt:329)
		at org.jetbrains.concurrency.Promises__PromiseUtilKt$awaitInternal$2$2.accept(promiseUtil.kt:91)
		at org.jetbrains.concurrency.Promises__PromiseUtilKt$awaitInternal$2$2.accept(promiseUtil.kt)
		at org.jetbrains.concurrency.AsyncPromise$onError$1.accept(AsyncPromise.kt:94)
		at org.jetbrains.concurrency.AsyncPromise$onError$1.accept(AsyncPromise.kt:16)
		at java.base/java.util.concurrent.CompletableFuture.uniWhenComplete(CompletableFuture.java:859)
		at java.base/java.util.concurrent.CompletableFuture$UniWhenComplete.tryFire(CompletableFuture.java:837)
		at java.base/java.util.concurrent.CompletableFuture.postComplete(CompletableFuture.java:506)
		at java.base/java.util.concurrent.CompletableFuture.completeExceptionally(CompletableFuture.java:2088)
		at org.jetbrains.concurrency.AsyncPromise.setError(AsyncPromise.kt:153)
		at com.intellij.openapi.application.impl.NonBlockingReadActionImpl$Submission.setError(NonBlockingReadActionImpl.java:285)
		at com.intellij.openapi.application.impl.NonBlockingReadActionImpl$Submission.insideReadAction(NonBlockingReadActionImpl.java:540)
		... 28 more
2023-01-02 13:17:44,218 [ 146614]  ERROR - rains.concurrency.AsyncPromise - Android Studio Chipmunk | 2021.2.1 Patch 2  Build #AI-212.5712.43.2112.8815526 
2023-01-02 13:17:44,218 [ 146614]  ERROR - rains.concurrency.AsyncPromise - JDK: 11.0.12; VM: OpenJDK 64-Bit Server VM; Vendor: JetBrains s.r.o. 
2023-01-02 13:17:44,218 [ 146614]  ERROR - rains.concurrency.AsyncPromise - OS: Linux 
2023-01-02 13:17:44,219 [ 146615]  ERROR - rains.concurrency.AsyncPromise - Plugin to blame: Kotlin version: 212-1.7.10-release-333-AS5457.46 
2023-01-02 13:17:44,219 [ 146615]  ERROR - rains.concurrency.AsyncPromise - Last Action: Run 
2023-01-02 14:27:42,027 [4344423]   WARN - tor: 8  Fold-out API 33 Second - Idled to long, shutting down. 1672666062 > 1672662210 
2023-01-02 14:27:42,028 [4344424]   WARN - tor: 8  Fold-out API 33 Second - Trying nicely.. 
2023-01-02 14:27:42,028 [4344424]   WARN - tor: 8  Fold-out API 33 Second - Not saving state: current state does not support snapshotting 
2023-01-02 14:27:43,512 [4345908]   WARN -            #com.android.ddmlib - Failed to start monitoring emulator-5554 
2023-01-02 14:27:53,132 [4355528]   WARN - ea.emulator.EmulatorController - android.emulation.control.EmulatorController/getVmState call failed - UNAVAILABLE: io exception 
2023-01-02 14:27:53,132 [4355528]   WARN - ea.emulator.EmulatorController - Unable to connect 8  Fold-out API 33 Second (5554) 
evolution-shell-Message: 16:16:46.904: Network disconnected.  Forced offline.
2023-01-02 17:15:31,070 [14413466]   WARN -            #com.android.ddmlib - Failed to start monitoring 75bc9a40 
2023-01-02 17:15:32,201 [14414597]   WARN - .diagnostic.PerformanceWatcher - UI was frozen for 6563ms, details saved to /home/jka/.cache/Google/AndroidStudio2021.2/log/threadDumps-freeze-20230102-171531-AI-212.5712.43.2112.8815526-6sec 
evolution-shell-Message: 17:15:35.176: Connection established.  Going online.
evolution-shell-Message: 17:15:53.097: Network disconnected.  Forced offline.
2023-01-02 17:16:12,142 [14454538]   WARN - .diagnostic.PerformanceWatcher - UI was frozen for 5210ms, details saved to /home/jka/.cache/Google/AndroidStudio2021.2/log/threadDumps-freeze-20230102-171611-AI-212.5712.43.2112.8815526-5sec 
evolution-shell-Message: 17:16:17.341: Connection established.  Going online.
evolution-shell-Message: 17:34:57.587: Network disconnected.  Forced offline.
2023-01-02 19:32:49,142 [22651538]   WARN - .diagnostic.PerformanceWatcher - UI was frozen for 5231ms, details saved to /home/jka/.cache/Google/AndroidStudio2021.2/log/threadDumps-freeze-20230102-193248-AI-212.5712.43.2112.8815526-5sec 
evolution-shell-Message: 19:32:56.844: Connection established.  Going online.
evolution-shell-Message: 20:53:54.060: Network disconnected.  Forced offline.
evolution-shell-Message: 21:25:47.168: Connection established.  Going online.

(evolution:14298): Gtk-WARNING **: 22:04:53.843: Calling org.xfce.Session.Manager.Inhibit failed: GDBus.Error:org.freedesktop.DBus.Error.UnknownMethod: No such method ?Inhibit?

(evolution:14298): GLib-GIO-WARNING **: 22:04:53.918: Your application did not unregister from D-Bus before destruction. Consider using g_application_run().
